The following modules were not unloaded:
  (Use "module --force purge" to unload all):

  1) ModuleLabel/label   2) lumi-tools/24.05   3) init-lumi/0.2

The following sticky modules could not be reloaded:

  1) lumi-tools
NOTE: This module uses Singularity. Some commands execute inside the container
(e.g. python3, pip3).

This module has been installed by CSC.

Documentation: https://docs.csc.fi/apps/pytorch/
Support: https://docs.csc.fi/support/contact/

python3 $*
+ python3 pytorch_dvc_cnn_pretrained.py
Using PyTorch version: 2.4.1+rocm6.1  Device: cuda
TensorBoard log directory: /pfs/lustrep1/users/sabdulla/PDL-2024-11/intro-to-dl/day2/logs/dvc-pretrained-2024-11-13_11-12-07
Train: Found 2000 images belonging to 2 classes
Validation: Found 1000 images belonging to 2 classes
Test: Found 22000 images belonging to 2 classes
PretrainedNet(
  (vgg_features): Sequential(
    (0): Conv2d(3, 64, kernel_size=(3, 3), stride=(1, 1), padding=(1, 1))
    (1): ReLU(inplace=True)
    (2): Conv2d(64, 64, kernel_size=(3, 3), stride=(1, 1), padding=(1, 1))
    (3): ReLU(inplace=True)
    (4): MaxPool2d(kernel_size=2, stride=2, padding=0, dilation=1, ceil_mode=False)
    (5): Conv2d(64, 128, kernel_size=(3, 3), stride=(1, 1), padding=(1, 1))
    (6): ReLU(inplace=True)
    (7): Conv2d(128, 128, kernel_size=(3, 3), stride=(1, 1), padding=(1, 1))
    (8): ReLU(inplace=True)
    (9): MaxPool2d(kernel_size=2, stride=2, padding=0, dilation=1, ceil_mode=False)
    (10): Conv2d(128, 256, kernel_size=(3, 3), stride=(1, 1), padding=(1, 1))
    (11): ReLU(inplace=True)
    (12): Conv2d(256, 256, kernel_size=(3, 3), stride=(1, 1), padding=(1, 1))
    (13): ReLU(inplace=True)
    (14): Conv2d(256, 256, kernel_size=(3, 3), stride=(1, 1), padding=(1, 1))
    (15): ReLU(inplace=True)
    (16): MaxPool2d(kernel_size=2, stride=2, padding=0, dilation=1, ceil_mode=False)
    (17): Conv2d(256, 512, kernel_size=(3, 3), stride=(1, 1), padding=(1, 1))
    (18): ReLU(inplace=True)
    (19): Conv2d(512, 512, kernel_size=(3, 3), stride=(1, 1), padding=(1, 1))
    (20): ReLU(inplace=True)
    (21): Conv2d(512, 512, kernel_size=(3, 3), stride=(1, 1), padding=(1, 1))
    (22): ReLU(inplace=True)
    (23): MaxPool2d(kernel_size=2, stride=2, padding=0, dilation=1, ceil_mode=False)
    (24): Conv2d(512, 512, kernel_size=(3, 3), stride=(1, 1), padding=(1, 1))
    (25): ReLU(inplace=True)
    (26): Conv2d(512, 512, kernel_size=(3, 3), stride=(1, 1), padding=(1, 1))
    (27): ReLU(inplace=True)
    (28): Conv2d(512, 512, kernel_size=(3, 3), stride=(1, 1), padding=(1, 1))
    (29): ReLU(inplace=True)
    (30): MaxPool2d(kernel_size=2, stride=2, padding=0, dilation=1, ceil_mode=False)
  )
  (own_layers): Sequential(
    (0): Flatten(start_dim=1, end_dim=-1)
    (1): Linear(in_features=8192, out_features=64, bias=True)
    (2): ReLU()
    (3): Linear(in_features=64, out_features=1, bias=True)
    (4): Sigmoid()
  )
)
Epoch 1: train accuracy: 88.40%, val accuracy: 93.90%
Epoch 2: train accuracy: 92.50%, val accuracy: 92.50%
Epoch 3: train accuracy: 93.90%, val accuracy: 94.40%
Epoch 4: train accuracy: 94.50%, val accuracy: 94.90%
Epoch 5: train accuracy: 96.20%, val accuracy: 95.10%
Epoch 6: train accuracy: 96.10%, val accuracy: 95.30%
Epoch 7: train accuracy: 96.25%, val accuracy: 94.50%
Epoch 8: train accuracy: 97.90%, val accuracy: 95.00%
Epoch 9: train accuracy: 97.00%, val accuracy: 94.80%
Epoch 10: train accuracy: 97.05%, val accuracy: 95.00%
Total training time: 0:00:42.320116.

Testing (pretrained, before fine-tuning): accuracy: 94.42%

Marking layers for training (+) or frozen (-):
0 - Conv2d(3, 64, kernel_size=(3, 3), stride=(1, 1), padding=(1, 1)) 64
1   ReLU(inplace=True) 64
2 - Conv2d(64, 64, kernel_size=(3, 3), stride=(1, 1), padding=(1, 1)) 64
3   ReLU(inplace=True) 64
4   MaxPool2d(kernel_size=2, stride=2, padding=0, dilation=1, ceil_mode=False) 64
5 - Conv2d(64, 128, kernel_size=(3, 3), stride=(1, 1), padding=(1, 1)) 128
6   ReLU(inplace=True) 128
7 - Conv2d(128, 128, kernel_size=(3, 3), stride=(1, 1), padding=(1, 1)) 128
8   ReLU(inplace=True) 128
9   MaxPool2d(kernel_size=2, stride=2, padding=0, dilation=1, ceil_mode=False) 128
10 - Conv2d(128, 256, kernel_size=(3, 3), stride=(1, 1), padding=(1, 1)) 256
11   ReLU(inplace=True) 256
12 - Conv2d(256, 256, kernel_size=(3, 3), stride=(1, 1), padding=(1, 1)) 256
13   ReLU(inplace=True) 256
14 - Conv2d(256, 256, kernel_size=(3, 3), stride=(1, 1), padding=(1, 1)) 256
15   ReLU(inplace=True) 256
16   MaxPool2d(kernel_size=2, stride=2, padding=0, dilation=1, ceil_mode=False) 256
17 - Conv2d(256, 512, kernel_size=(3, 3), stride=(1, 1), padding=(1, 1)) 512
18   ReLU(inplace=True) 512
19 - Conv2d(512, 512, kernel_size=(3, 3), stride=(1, 1), padding=(1, 1)) 512
20   ReLU(inplace=True) 512
21 - Conv2d(512, 512, kernel_size=(3, 3), stride=(1, 1), padding=(1, 1)) 512
22   ReLU(inplace=True) 512
23   MaxPool2d(kernel_size=2, stride=2, padding=0, dilation=1, ceil_mode=False) 512
24 + Conv2d(512, 512, kernel_size=(3, 3), stride=(1, 1), padding=(1, 1)) 512
25   ReLU(inplace=True) 512
26 + Conv2d(512, 512, kernel_size=(3, 3), stride=(1, 1), padding=(1, 1)) 512
27   ReLU(inplace=True) 512
28 + Conv2d(512, 512, kernel_size=(3, 3), stride=(1, 1), padding=(1, 1)) 512
29   ReLU(inplace=True) 512
30   MaxPool2d(kernel_size=2, stride=2, padding=0, dilation=1, ceil_mode=False) 512
Epoch 11: train loss: 0.073235 train accuracy: 96.75%, val accuracy: 95.60%
Epoch 12: train loss: 0.042779 train accuracy: 98.60%, val accuracy: 95.80%
Epoch 13: train loss: 0.031574 train accuracy: 98.95%, val accuracy: 96.30%
Epoch 14: train loss: 0.026646 train accuracy: 99.10%, val accuracy: 96.10%
Epoch 15: train loss: 0.025301 train accuracy: 99.20%, val accuracy: 95.70%
Epoch 16: train loss: 0.018102 train accuracy: 99.65%, val accuracy: 96.30%
Epoch 17: train loss: 0.019290 train accuracy: 99.45%, val accuracy: 96.30%
Epoch 18: train loss: 0.013748 train accuracy: 99.75%, val accuracy: 96.60%
Epoch 19: train loss: 0.012853 train accuracy: 99.55%, val accuracy: 96.80%
Epoch 20: train loss: 0.010079 train accuracy: 99.80%, val accuracy: 96.10%
Epoch 21: train loss: 0.009493 train accuracy: 99.85%, val accuracy: 96.40%
Epoch 22: train loss: 0.007809 train accuracy: 99.90%, val accuracy: 96.40%
Epoch 23: train loss: 0.006128 train accuracy: 99.95%, val accuracy: 96.60%
Epoch 24: train loss: 0.005444 train accuracy: 99.95%, val accuracy: 96.80%
Epoch 25: train loss: 0.004266 train accuracy: 99.95%, val accuracy: 96.40%
Epoch 26: train loss: 0.009700 train accuracy: 99.70%, val accuracy: 96.20%
Epoch 27: train loss: 0.004878 train accuracy: 99.90%, val accuracy: 96.70%
Epoch 28: train loss: 0.003545 train accuracy: 99.90%, val accuracy: 96.40%
Epoch 29: train loss: 0.004269 train accuracy: 99.95%, val accuracy: 95.80%
Epoch 30: train loss: 0.002880 train accuracy: 100.00%, val accuracy: 96.50%
Total fine-tuning time: 0:01:15.377195.

Testing (pretrained, after fine-tuning): accuracy: 95.80%

