The following modules were not unloaded:
  (Use "module --force purge" to unload all):

  1) ModuleLabel/label   2) lumi-tools/24.05   3) init-lumi/0.2

The following sticky modules could not be reloaded:

  1) lumi-tools
NOTE: This module uses Singularity. Some commands execute inside the container
(e.g. python3, pip3).

This module has been installed by CSC.

Documentation: https://docs.csc.fi/apps/pytorch/
Support: https://docs.csc.fi/support/contact/

python3 $*
+ python3 pytorch_20ng_rnn.py
Using PyTorch version: 2.4.1+rocm6.1  Device: cuda
TensorBoard log directory: /pfs/lustrep1/users/sabdulla/PDL-2024-11/intro-to-dl/day2/logs/20ng-rnn-2024-11-13_13-07-22
Indexing word vectors.
Found 400001 word vectors.
Processing text dataset
- alt.atheism 0
- comp.graphics 1
- comp.os.ms-windows.misc 2
- comp.sys.ibm.pc.hardware 3
- comp.sys.mac.hardware 4
- comp.windows.x 5
- misc.forsale 6
- rec.autos 7
- rec.motorcycles 8
- rec.sport.baseball 9
- rec.sport.hockey 10
- sci.crypt 11
- sci.electronics 12
- sci.med 13
- sci.space 14
- soc.religion.christian 15
- talk.politics.guns 16
- talk.politics.mideast 17
- talk.politics.misc 18
- talk.religion.misc 19
Found 19997 texts.
Found 9998 unique tokens.
Shape of data tensor: (19997, 1000)
Length of label vector: 19997
Shape of training data tensor: (14997, 1000)
Length of training label vector: 14997
Shape of validation data tensor: (1000, 1000)
Length of validation label vector: 1000
Shape of test data tensor: (4000, 1000)
Length of test label vector: 4000
Train: 14997 messages
Validation: 1000 messages
Test: 4000 messages
Preparing embedding matrix.
Shape of embedding matrix: torch.Size([10000, 100])
Words not found in pre-trained embeddings: 233
Net(
  (emb): Embedding(10000, 100)
  (lstm): LSTM(100, 128, num_layers=2, batch_first=True)
  (linear): Linear(in_features=128, out_features=20, bias=True)
)
Epoch 1: train loss: 3.059647 train accuracy: 4.79%, val accuracy: 5.50%
Epoch 2: train loss: 2.978926 train accuracy: 6.03%, val accuracy: 8.00%
Epoch 3: train loss: 2.804278 train accuracy: 9.31%, val accuracy: 6.20%
Epoch 4: train loss: 2.589365 train accuracy: 11.36%, val accuracy: 11.10%
Epoch 5: train loss: 2.462066 train accuracy: 14.83%, val accuracy: 14.20%
Epoch 6: train loss: 2.298206 train accuracy: 18.20%, val accuracy: 11.20%
Epoch 7: train loss: 2.139060 train accuracy: 22.02%, val accuracy: 15.30%
Epoch 8: train loss: 1.989011 train accuracy: 27.03%, val accuracy: 23.90%
Epoch 9: train loss: 1.860291 train accuracy: 31.59%, val accuracy: 24.70%
Epoch 10: train loss: 1.739090 train accuracy: 37.53%, val accuracy: 19.10%
Epoch 11: train loss: 1.622015 train accuracy: 41.65%, val accuracy: 38.00%
Epoch 12: train loss: 1.505965 train accuracy: 46.71%, val accuracy: 26.70%
Epoch 13: train loss: 1.425383 train accuracy: 49.53%, val accuracy: 44.00%
Epoch 14: train loss: 1.333547 train accuracy: 53.54%, val accuracy: 38.60%
Epoch 15: train loss: 1.262056 train accuracy: 54.92%, val accuracy: 44.30%
Epoch 16: train loss: 1.178151 train accuracy: 58.63%, val accuracy: 54.40%
Epoch 17: train loss: 1.091435 train accuracy: 62.19%, val accuracy: 49.40%
Epoch 18: train loss: 1.029319 train accuracy: 64.47%, val accuracy: 54.20%
Epoch 19: train loss: 0.925562 train accuracy: 68.41%, val accuracy: 52.40%
Epoch 20: train loss: 0.844367 train accuracy: 71.31%, val accuracy: 64.70%
Total training time: 0:05:00.280587.

Testing: accuracy: 66.62%
